[  346913ms] [WARNING] [Vue warn]: Extraneous non-props attributes (errors, name, auth, sidebarOpen) were passed to component but could not be automatically inherited because component renders fragment or text or teleport root nodes. 
  at <Dashboard errors= {} name="Stake" auth= {user: Object}  ... > 
  at <SidebarInset key=0 class="overflow-x-hidden" > 
  at <AppContent variant="sidebar" class="overflow-x-hidden" > 
  at <TooltipProvider delay-duration=0 > 
  at <SidebarProvider key=1 default-open=true > 
  at <AppShell variant="sidebar" > 
  at <AppSidebarLayout breadcrumbs= [Object] > 
  at <AppLayout errors= {} name="Stake" auth= {user: Object}  ... > 
  at <Inertia initialPage= {component: auth/Login, props: Object, url: /login, version: 8ee71d5b4a5cae931f1ba92de7398ffb, sharedProps: Array(4)} initialComponent= {layout: Object, __name: Login, props: Object, setup: , __hmrId: ab03e11e} resolveComponent=fn<resolveComponent>  ... > 
  at <App> @ http://[::1]:5174/node_modules/.vite/deps/vue.runtime.esm-bundler-Cb0HG1GX.js?v=b1b8067c:1763
[  422422ms] [WARNING] [Vue warn]: Failed to resolve component: SidebarGroupLabel
If this is a native custom element, make sure to exclude it from component resolution via compilerOptions.isCustomElement. 
  at <NavMain items= [Object] > 
  at <SidebarContent> 
  at <Sidebar collapsible="icon" variant="inset" > 
  at <AppSidebar> 
  at <TooltipProvider delay-duration=0 > 
  at <SidebarProvider key=1 default-open=true > 
  at <AppShell variant="sidebar" > 
  at <AppSidebarLayout breadcrumbs= [Object] > 
  at <AppLayout errors= {} name="Stake" auth= {user: Object}  ... > 
  at <Inertia initialPage= {component: auth/Login, props: Object, url: /login, version: 8ee71d5b4a5cae931f1ba92de7398ffb, sharedProps: Array(4)} initialComponent= {layout: Object, __name: Login, props: Object, setup: , __hmrId: ab03e11e} resolveComponent=fn<resolveComponent>  ... > 
  at <App> @ http://[::1]:5174/node_modules/.vite/deps/vue.runtime.esm-bundler-Cb0HG1GX.js?v=b1b8067c:1763
[  469068ms] [WARNING] [Vue warn]: Extraneous non-props attributes (errors, name, auth, sidebarOpen) were passed to component but could not be automatically inherited because component renders fragment or text or teleport root nodes. 
  at <Dashboard errors= {} name="Stake" auth= {user: Object}  ... > 
  at <SidebarInset key=0 class="overflow-x-hidden" > 
  at <AppContent variant="sidebar" class="overflow-x-hidden" > 
  at <TooltipProvider delay-duration=0 > 
  at <SidebarProvider key=1 default-open=true > 
  at <AppShell variant="sidebar" > 
  at <AppSidebarLayout breadcrumbs= [Object] > 
  at <AppLayout errors= {} name="Stake" auth= {user: Object}  ... > 
  at <Inertia initialPage= {component: auth/Login, props: Object, url: /login, version: 8ee71d5b4a5cae931f1ba92de7398ffb, sharedProps: Array(4)} initialComponent= {layout: Object, __name: Login, props: Object, setup: , __hmrId: ab03e11e} resolveComponent=fn<resolveComponent>  ... > 
  at <App> @ http://[::1]:5174/node_modules/.vite/deps/vue.runtime.esm-bundler-Cb0HG1GX.js?v=b1b8067c:1763
